Using pre-set license
Built from '2020.3/staging' branch; Version is '2020.3.3f1 (76626098c1c4) revision 7758432'; Using compiler version '192528614'; Build Type 'Release'
OS: 'Windows 10 Pro; OS build 19042.1466; Version 2009; 64bit' Language: 'tr' Physical Memory: 16221 MB
BatchMode: 1, IsHumanControllingUs: 0, StartBugReporterOnCrash: 0, Is64bit: 1, IsPro: 0

 COMMAND LINE ARGUMENTS:
C:\Program Files\Unity\Hub\Editor\2020.3.3f1\Editor\Unity.exe
-adb2
-batchMode
-noUpm
-name
AssetImportWorker0
-projectPath
C:/Users/yusra/Documents/GitHub/MyApplication/bakim
-logFile
Logs/AssetImportWorker0.log
-srvPort
56053
Successfully changed project path to: C:/Users/yusra/Documents/GitHub/MyApplication/bakim
C:/Users/yusra/Documents/GitHub/MyApplication/bakim
Using Asset Import Pipeline V2.
Refreshing native plugins compatible for Editor in 77.48 ms, found 0 plugins.
Preloading 0 native plugins for Editor in 0.00 ms.
Initialize engine version: 2020.3.3f1 (76626098c1c4)
[Subsystems] Discovering subsystems at path C:/Program Files/Unity/Hub/Editor/2020.3.3f1/Editor/Data/Resources/UnitySubsystems
[Subsystems] Discovering subsystems at path C:/Users/yusra/Documents/GitHub/MyApplication/bakim/Assets
GfxDevice: creating device client; threaded=0
Direct3D:
    Version:  Direct3D 11.0 [level 11.1]
    Renderer: NVIDIA GeForce GTX 1650 Ti (ID=0x1f95)
    Vendor:   
    VRAM:     3962 MB
    Driver:   30.0.14.9729
Initialize mono
Mono path[0] = 'C:/Program Files/Unity/Hub/Editor/2020.3.3f1/Editor/Data/Managed'
Mono path[1] = 'C:/Program Files/Unity/Hub/Editor/2020.3.3f1/Editor/Data/MonoBleedingEdge/lib/mono/unityjit'
Mono config path = 'C:/Program Files/Unity/Hub/Editor/2020.3.3f1/Editor/Data/MonoBleedingEdge/etc'
Using monoOptions --debugger-agent=transport=dt_socket,embedding=1,server=y,suspend=n,address=127.0.0.1:56080
Begin MonoManager ReloadAssembly
Registering precompiled unity dll's ...
Register platform support module: C:/Program Files/Unity/Hub/Editor/2020.3.3f1/Editor/Data/PlaybackEngines/WindowsStandaloneSupport/UnityEditor.WindowsStandalone.Extensions.dll
Registered in 0.008133 seconds.
Native extension for WindowsStandalone target not found
Refreshing native plugins compatible for Editor in 61.38 ms, found 0 plugins.
Preloading 0 native plugins for Editor in 0.00 ms.
Invoked RoslynAnalysisRunner static constructor.
RoslynAnalysisRunner will not be running.
RoslynAnalysisRunner has terminated.
Mono: successfully reloaded assembly
- Completed reload, in  5.304 seconds
Platform modules already initialized, skipping
Registering precompiled user dll's ...
Registered in 0.001392 seconds.
Begin MonoManager ReloadAssembly
Native extension for WindowsStandalone target not found
Refreshing native plugins compatible for Editor in 0.70 ms, found 0 plugins.
Preloading 0 native plugins for Editor in 0.00 ms.
Invoked RoslynAnalysisRunner static constructor.
RoslynAnalysisRunner will not be running.
RoslynAnalysisRunner has terminated.
Mono: successfully reloaded assembly
- Completed reload, in  2.471 seconds
Platform modules already initialized, skipping
========================================================================
Worker process is ready to serve import requests
Launched and connected shader compiler UnityShaderCompiler.exe after 0.10 seconds
Refreshing native plugins compatible for Editor in 0.44 ms, found 0 plugins.
Preloading 0 native plugins for Editor in 0.00 ms.
Unloading 1214 Unused Serialized files (Serialized files now loaded: 0)
System memory in use before: 59.7 MB.
System memory in use after: 59.8 MB.

Unloading 22 unused Assets to reduce memory usage. Loaded Objects now: 1644.
Total: 4.154100 ms (FindLiveObjects: 0.294500 ms CreateObjectMapping: 0.119000 ms MarkObjects: 3.620600 ms  DeleteObjects: 0.117800 ms)

========================================================================
Received Import Request.
  path: Assets/Triple Dungeon Pack
  artifactKey: Guid(b68bd3d3331a64d488fcb1e37a5b45f4) Importer(815301076,1909f56bfc062723c751e8b465ee728b)
Start importing Assets/Triple Dungeon Pack using Guid(b68bd3d3331a64d488fcb1e37a5b45f4) Importer(815301076,1909f56bfc062723c751e8b465ee728b)  -> (artifact id: '7418e0aa3d0c9cc6f65d36027e3968dc') in 0.016284 seconds
  Import took 0.020586 seconds .

========================================================================
Received Import Request.
  Time since last request: 0.000640 seconds.
  path: Assets/Triple Dungeon Pack/Red Dungeon
  artifactKey: Guid(b26c75f4d5227384f98f5e227dc061d3) Importer(815301076,1909f56bfc062723c751e8b465ee728b)
Start importing Assets/Triple Dungeon Pack/Red Dungeon using Guid(b26c75f4d5227384f98f5e227dc061d3) Importer(815301076,1909f56bfc062723c751e8b465ee728b)  -> (artifact id: 'f8ba5fc260c5c2bd8e071488cbe3b734') in 0.021010 seconds
  Import took 0.025814 seconds .

========================================================================
Received Import Request.
  Time since last request: 0.000419 seconds.
  path: Assets/Triple Dungeon Pack/Red Dungeon/Demo Red.unity
  artifactKey: Guid(b791bc3d9b029a14692929716d502bc3) Importer(815301076,1909f56bfc062723c751e8b465ee728b)
Start importing Assets/Triple Dungeon Pack/Red Dungeon/Demo Red.unity using Guid(b791bc3d9b029a14692929716d502bc3) Importer(815301076,1909f56bfc062723c751e8b465ee728b)  -> (artifact id: '2e738895d9d8af4ea6e32964714ecf39') in 0.041953 seconds
  Import took 0.047091 seconds .

========================================================================
Received Import Request.
  Time since last request: 0.000432 seconds.
  path: Assets/Triple Dungeon Pack/Red Dungeon/red_dungeon.fbx
  artifactKey: Guid(9889117518dff7b42806ad82249545f8) Importer(815301076,1909f56bfc062723c751e8b465ee728b)
Start importing Assets/Triple Dungeon Pack/Red Dungeon/red_dungeon.fbx using Guid(9889117518dff7b42806ad82249545f8) Importer(815301076,1909f56bfc062723c751e8b465ee728b)  -> (artifact id: 'f04a7e6a9f01e02bb19d3b9dcf92f6e1') in 1.775513 seconds
  Import took 1.781928 seconds .

========================================================================
Received Import Request.
  Time since last request: 16.641888 seconds.
  path: Assets/Scenes/sahne1.unity
  artifactKey: Guid(b791bc3d9b029a14692929716d502bc3) Importer(815301076,1909f56bfc062723c751e8b465ee728b)
Start importing Assets/Scenes/sahne1.unity using Guid(b791bc3d9b029a14692929716d502bc3) Importer(815301076,1909f56bfc062723c751e8b465ee728b)  -> (artifact id: '1cba2561fccb65d057dabbfb51c05375') in 0.016938 seconds
  Import took 0.021487 seconds .

========================================================================
Received Import Request.
  Time since last request: 0.039593 seconds.
  path: Assets/Scenes/sahne1.unity
  artifactKey: Guid(b791bc3d9b029a14692929716d502bc3) Importer(815301076,1909f56bfc062723c751e8b465ee728b)
Start importing Assets/Scenes/sahne1.unity using Guid(b791bc3d9b029a14692929716d502bc3) Importer(815301076,1909f56bfc062723c751e8b465ee728b)  -> (artifact id: '1cba2561fccb65d057dabbfb51c05375') in 0.004335 seconds
  Import took 0.008818 seconds .

========================================================================
Received Import Request.
  Time since last request: 199.236671 seconds.
  path: Assets/Scenes/SampleScene.unity
  artifactKey: Guid(9fc0d4010bbf28b4594072e72b8655ab) Importer(815301076,1909f56bfc062723c751e8b465ee728b)
Start importing Assets/Scenes/SampleScene.unity using Guid(9fc0d4010bbf28b4594072e72b8655ab) Importer(815301076,1909f56bfc062723c751e8b465ee728b)  -> (artifact id: '6789024990699fc3587a776605cdd52c') in 0.011656 seconds
  Import took 0.016070 seconds .

========================================================================
Received Import Request.
  Time since last request: 52.563814 seconds.
  path: Assets/Scenes/Cretas Maze.3ds
  artifactKey: Guid(d920bd85ac4ed9340a31b6e51d7c2965) Importer(815301076,1909f56bfc062723c751e8b465ee728b)
Start importing Assets/Scenes/Cretas Maze.3ds using Guid(d920bd85ac4ed9340a31b6e51d7c2965) Importer(815301076,1909f56bfc062723c751e8b465ee728b)  -> (artifact id: '8d9e76a21f923078f28a77abf43f09cd') in 0.049991 seconds
  Import took 0.053089 seconds .

========================================================================
Received Import Request.
  Time since last request: 224.517692 seconds.
  path: Assets/Scenes/Cretas Maze.c4d
  artifactKey: Guid(7ceb60470f77b1e49856745ca087845c) Importer(815301076,1909f56bfc062723c751e8b465ee728b)
Start importing Assets/Scenes/Cretas Maze.c4d using Guid(7ceb60470f77b1e49856745ca087845c) Importer(815301076,1909f56bfc062723c751e8b465ee728b) Assets/Scenes/Cretas Maze.c4d: Unity no longer supports importing Cinema 4D files directly, but we're working with Maxon to make the experience better. To import Cinema 4D files, install Maxon's external importer. You can find more information on the Unity Forum: https://on.unity.com/c4d.

Please note that FBX files exported from Cinema4D are still supported.

 -> (artifact id: '1052afca9cfb1b96b557ae0f59185c97') in 0.006580 seconds
  Import took 0.009703 seconds .

========================================================================
Received Import Request.
  Time since last request: 0.001924 seconds.
  path: Assets/Scenes/Cretas Maze.c4d
  artifactKey: Guid(7ceb60470f77b1e49856745ca087845c) Importer(815301076,1909f56bfc062723c751e8b465ee728b)
Start importing Assets/Scenes/Cretas Maze.c4d using Guid(7ceb60470f77b1e49856745ca087845c) Importer(815301076,1909f56bfc062723c751e8b465ee728b) Assets/Scenes/Cretas Maze.c4d: Unity no longer supports importing Cinema 4D files directly, but we're working with Maxon to make the experience better. To import Cinema 4D files, install Maxon's external importer. You can find more information on the Unity Forum: https://on.unity.com/c4d.

Please note that FBX files exported from Cinema4D are still supported.

 -> (artifact id: '1052afca9cfb1b96b557ae0f59185c97') in 0.003601 seconds
  Import took 0.006318 seconds .

========================================================================
Received Import Request.
  Time since last request: 8.206808 seconds.
  path: Assets/Scenes/Cretas Maze.obj
  artifactKey: Guid(002830e824580af4c8917cb42be88433) Importer(815301076,1909f56bfc062723c751e8b465ee728b)
Start importing Assets/Scenes/Cretas Maze.obj using Guid(002830e824580af4c8917cb42be88433) Importer(815301076,1909f56bfc062723c751e8b465ee728b)  -> (artifact id: '4414804f8b417c28e0302c3d684cc817') in 0.038044 seconds
  Import took 0.040775 seconds .

========================================================================
Received Prepare
Registering precompiled user dll's ...
Registered in 0.000543 seconds.
Begin MonoManager ReloadAssembly
Native extension for WindowsStandalone target not found
Refreshing native plugins compatible for Editor in 0.31 ms, found 0 plugins.
Preloading 0 native plugins for Editor in 0.00 ms.
Invoked RoslynAnalysisRunner static constructor.
RoslynAnalysisRunner will not be running.
RoslynAnalysisRunner has terminated.
Mono: successfully reloaded assembly
- Completed reload, in  0.975 seconds
Platform modules already initialized, skipping
Refreshing native plugins compatible for Editor in 0.44 ms, found 0 plugins.
Preloading 0 native plugins for Editor in 0.00 ms.
Unloading 1208 Unused Serialized files (Serialized files now loaded: 0)
System memory in use before: 63.2 MB.
System memory in use after: 63.3 MB.

Unloading 17 unused Assets to reduce memory usage. Loaded Objects now: 1690.
Total: 2.471600 ms (FindLiveObjects: 0.447700 ms CreateObjectMapping: 0.153400 ms MarkObjects: 1.816000 ms  DeleteObjects: 0.053400 ms)

========================================================================
Received Import Request.
  Time since last request: 245.847950 seconds.
  path: Assets/Scenes/SampleScene.unity
  artifactKey: Guid(9fc0d4010bbf28b4594072e72b8655ab) Importer(815301076,1909f56bfc062723c751e8b465ee728b)
Start importing Assets/Scenes/SampleScene.unity using Guid(9fc0d4010bbf28b4594072e72b8655ab) Importer(815301076,1909f56bfc062723c751e8b465ee728b)  -> (artifact id: '0d1bff95a01085794f900ea2566d8906') in 0.014563 seconds
  Import took 0.017541 seconds .

========================================================================
Received Import Request.
  Time since last request: 28.741506 seconds.
  path: Assets
  artifactKey: Guid(00000000000000001000000000000000) Importer(815301076,1909f56bfc062723c751e8b465ee728b)
Start importing Assets using Guid(00000000000000001000000000000000) Importer(815301076,1909f56bfc062723c751e8b465ee728b)  -> (artifact id: 'b2e0e235c0f4af3754229b664788db90') in 0.015489 seconds
  Import took 0.020585 seconds .

========================================================================
Received Import Request.
  Time since last request: 5.837448 seconds.
  path: Assets/assets
  artifactKey: Guid(eebe4b315fe72354ebbc5d94901bd588) Importer(815301076,1909f56bfc062723c751e8b465ee728b)
Start importing Assets/assets using Guid(eebe4b315fe72354ebbc5d94901bd588) Importer(815301076,1909f56bfc062723c751e8b465ee728b)  -> (artifact id: '4d6072e23fd37d5d47c67e143ea881d1') in 0.007008 seconds
  Import took 0.009367 seconds .

========================================================================
Received Import Request.
  Time since last request: 3.810912 seconds.
  path: Assets/Editor
  artifactKey: Guid(9a2df797eb7ea8e44843144af9429b99) Importer(815301076,1909f56bfc062723c751e8b465ee728b)
Start importing Assets/Editor using Guid(9a2df797eb7ea8e44843144af9429b99) Importer(815301076,1909f56bfc062723c751e8b465ee728b)  -> (artifact id: 'baa7b457cddf0abdb2bbe98ae7b59192') in 0.008933 seconds
  Import took 0.011399 seconds .

========================================================================
Received Import Request.
  Time since last request: 0.001961 seconds.
  path: Assets/Editor
  artifactKey: Guid(9a2df797eb7ea8e44843144af9429b99) Importer(815301076,1909f56bfc062723c751e8b465ee728b)
Start importing Assets/Editor using Guid(9a2df797eb7ea8e44843144af9429b99) Importer(815301076,1909f56bfc062723c751e8b465ee728b)  -> (artifact id: 'baa7b457cddf0abdb2bbe98ae7b59192') in 0.002535 seconds
  Import took 0.005401 seconds .

========================================================================
Received Import Request.
  Time since last request: 1.320027 seconds.
  path: Assets/Editor/com.unity.mobile.notifications
  artifactKey: Guid(6d8e2e3178665be488e481c57be9527e) Importer(815301076,1909f56bfc062723c751e8b465ee728b)
Start importing Assets/Editor/com.unity.mobile.notifications using Guid(6d8e2e3178665be488e481c57be9527e) Importer(815301076,1909f56bfc062723c751e8b465ee728b)  -> (artifact id: '7384970bf45ade74df29014dfb82d6ad') in 0.008561 seconds
  Import took 0.011681 seconds .

========================================================================
Received Import Request.
  Time since last request: 0.002117 seconds.
  path: Assets/Editor/com.unity.mobile.notifications
  artifactKey: Guid(6d8e2e3178665be488e481c57be9527e) Importer(815301076,1909f56bfc062723c751e8b465ee728b)
Start importing Assets/Editor/com.unity.mobile.notifications using Guid(6d8e2e3178665be488e481c57be9527e) Importer(815301076,1909f56bfc062723c751e8b465ee728b)  -> (artifact id: '7384970bf45ade74df29014dfb82d6ad') in 0.002554 seconds
  Import took 0.004927 seconds .

========================================================================
Received Import Request.
  Time since last request: 1.246243 seconds.
  path: Assets/Editor/com.unity.mobile.notifications/NotificationSettings.asset
  artifactKey: Guid(45a04f37e0f48c744acc0874c4a8918a) Importer(815301076,1909f56bfc062723c751e8b465ee728b)
Start importing Assets/Editor/com.unity.mobile.notifications/NotificationSettings.asset using Guid(45a04f37e0f48c744acc0874c4a8918a) Importer(815301076,1909f56bfc062723c751e8b465ee728b)  -> (artifact id: '58a01fd8d5c76cb4a852001dfefafbc7') in 0.011817 seconds
  Import took 0.014498 seconds .

========================================================================
Received Import Request.
  Time since last request: 77.767726 seconds.
  path: Assets/character
  artifactKey: Guid(86835567737f5d6478f4c716d957cd1a) Importer(815301076,1909f56bfc062723c751e8b465ee728b)
Start importing Assets/character using Guid(86835567737f5d6478f4c716d957cd1a) Importer(815301076,1909f56bfc062723c751e8b465ee728b)  -> (artifact id: '5c4780d324040d5fa3c76777ad60c9a4') in 0.007483 seconds
  Import took 0.009931 seconds .

========================================================================
Received Import Request.
  Time since last request: 6.766970 seconds.
  path: Assets/character/Walking (1).fbx
  artifactKey: Guid(7969dd8f43516cc46ab0d608b9f3c8c6) Importer(815301076,1909f56bfc062723c751e8b465ee728b)
Start importing Assets/character/Walking (1).fbx using Guid(7969dd8f43516cc46ab0d608b9f3c8c6) Importer(815301076,1909f56bfc062723c751e8b465ee728b)  -> (artifact id: '8dcb2aec148c3ff3b9d31a5bc6156352') in 0.821748 seconds
  Import took 0.824777 seconds .

========================================================================
Received Import Request.
  Time since last request: 489.353249 seconds.
  path: Assets/character/character (2).fbx
  artifactKey: Guid(0fc69a2204ac9d54787463fe6f6991ec) Importer(815301076,1909f56bfc062723c751e8b465ee728b)
Start importing Assets/character/character (2).fbx using Guid(0fc69a2204ac9d54787463fe6f6991ec) Importer(815301076,1909f56bfc062723c751e8b465ee728b)  -> (artifact id: '8317c8bb71e7af30b1d1c86ad59d48c2') in 0.151924 seconds
  Import took 0.155551 seconds .

========================================================================
Received Import Request.
  Time since last request: 276.173553 seconds.
  path: Assets/material
  artifactKey: Guid(3bcc1fd4a4d1a5a4ebddca25fadca374) Importer(815301076,1909f56bfc062723c751e8b465ee728b)
Start importing Assets/material using Guid(3bcc1fd4a4d1a5a4ebddca25fadca374) Importer(815301076,1909f56bfc062723c751e8b465ee728b)  -> (artifact id: 'e9e2c2b9200f3acaf8444d620b5aa845') in 0.011560 seconds
  Import took 0.016530 seconds .

========================================================================
Received Import Request.
  Time since last request: 23.593625 seconds.
  path: Assets/material/New Material.mat
  artifactKey: Guid(cd397f7d2ae38fb4e8d2ca00a15d55c0) Importer(815301076,1909f56bfc062723c751e8b465ee728b)
Start importing Assets/material/New Material.mat using Guid(cd397f7d2ae38fb4e8d2ca00a15d55c0) Importer(815301076,1909f56bfc062723c751e8b465ee728b)  -> (artifact id: '0203305e5289d611e1e0b5cc4d8cf2ef') in 0.056470 seconds
  Import took 0.062074 seconds .

========================================================================
Received Import Request.
  Time since last request: 421.208139 seconds.
  path: Assets/Adventure_Character
  artifactKey: Guid(3d5a20f05bf8cb44cb1039e200c88756) Importer(815301076,1909f56bfc062723c751e8b465ee728b)
Start importing Assets/Adventure_Character using Guid(3d5a20f05bf8cb44cb1039e200c88756) Importer(815301076,1909f56bfc062723c751e8b465ee728b)  -> (artifact id: 'c298dc5ba77ce50a3ad53c3f3edcea93') in 0.008790 seconds
  Import took 0.012106 seconds .

========================================================================
Received Import Request.
  Time since last request: 0.000853 seconds.
  path: Assets/Adventure_Character
  artifactKey: Guid(3d5a20f05bf8cb44cb1039e200c88756) Importer(815301076,1909f56bfc062723c751e8b465ee728b)
Start importing Assets/Adventure_Character using Guid(3d5a20f05bf8cb44cb1039e200c88756) Importer(815301076,1909f56bfc062723c751e8b465ee728b)  -> (artifact id: 'c298dc5ba77ce50a3ad53c3f3edcea93') in 0.003529 seconds
  Import took 0.006378 seconds .

========================================================================
Received Import Request.
  Time since last request: 2.841662 seconds.
  path: Assets/Adventure_Character/Prefabs
  artifactKey: Guid(a4767ed5cb0999f44999893699fafe99) Importer(815301076,1909f56bfc062723c751e8b465ee728b)
Start importing Assets/Adventure_Character/Prefabs using Guid(a4767ed5cb0999f44999893699fafe99) Importer(815301076,1909f56bfc062723c751e8b465ee728b)  -> (artifact id: '61d08624b56552bf2d357c962c129190') in 0.013186 seconds
  Import took 0.016920 seconds .

========================================================================
Received Import Request.
  Time since last request: 0.149393 seconds.
  path: Assets/Adventure_Character/Prefabs/Man_01.prefab
  artifactKey: Guid(ebc4580c7ed532b4cb07171aed640d52) Importer(815301076,1909f56bfc062723c751e8b465ee728b)
Start importing Assets/Adventure_Character/Prefabs/Man_01.prefab using Guid(ebc4580c7ed532b4cb07171aed640d52) Importer(815301076,1909f56bfc062723c751e8b465ee728b)  -> (artifact id: '2a9c351b437370828465cab817b3855f') in 0.422982 seconds
  Import took 0.430469 seconds .

========================================================================
Received Import Request.
  Time since last request: 0.000292 seconds.
  path: Assets/Adventure_Character/Prefabs/Man_02.prefab
  artifactKey: Guid(7ee9a881584999e498cd568894ff4b39) Importer(815301076,1909f56bfc062723c751e8b465ee728b)
Start importing Assets/Adventure_Character/Prefabs/Man_02.prefab using Guid(7ee9a881584999e498cd568894ff4b39) Importer(815301076,1909f56bfc062723c751e8b465ee728b)  -> (artifact id: 'b569eed42663499cb0999757b109dd22') in 0.184802 seconds
  Import took 0.197012 seconds .

========================================================================
Received Import Request.
  Time since last request: 0.000241 seconds.
  path: Assets/Adventure_Character/Prefabs/Man_Full.prefab
  artifactKey: Guid(5358fd1db56fd5f4ebd3a9185f223155) Importer(815301076,1909f56bfc062723c751e8b465ee728b)
Start importing Assets/Adventure_Character/Prefabs/Man_Full.prefab using Guid(5358fd1db56fd5f4ebd3a9185f223155) Importer(815301076,1909f56bfc062723c751e8b465ee728b)  -> (artifact id: 'b2ea2513690c45e08b00315b2cb2eb2d') in 0.182672 seconds
  Import took 0.197829 seconds .

========================================================================
Received Import Request.
  Time since last request: 0.000446 seconds.
  path: Assets/Adventure_Character/Prefabs/Man_04.prefab
  artifactKey: Guid(889d24f8fc349cf45b463fb9b13b0143) Importer(815301076,1909f56bfc062723c751e8b465ee728b)
Start importing Assets/Adventure_Character/Prefabs/Man_04.prefab using Guid(889d24f8fc349cf45b463fb9b13b0143) Importer(815301076,1909f56bfc062723c751e8b465ee728b)  -> (artifact id: '46f38381d0b79c41e5c49c66c222f04a') in 0.188280 seconds
  Import took 0.207942 seconds .

========================================================================
Received Import Request.
  Time since last request: 0.000417 seconds.
  path: Assets/Adventure_Character/Prefabs/Man_03.prefab
  artifactKey: Guid(da1203547328fdb41974e0b5334e799a) Importer(815301076,1909f56bfc062723c751e8b465ee728b)
Start importing Assets/Adventure_Character/Prefabs/Man_03.prefab using Guid(da1203547328fdb41974e0b5334e799a) Importer(815301076,1909f56bfc062723c751e8b465ee728b)  -> (artifact id: '7f1a2741ac608dbf17d451d555091d10') in 0.179282 seconds
  Import took 0.194212 seconds .

========================================================================
Received Prepare
Registering precompiled user dll's ...
Registered in 0.001514 seconds.
Begin MonoManager ReloadAssembly
Native extension for WindowsStandalone target not found
Refreshing native plugins compatible for Editor in 0.38 ms, found 0 plugins.
Preloading 0 native plugins for Editor in 0.00 ms.
Invoked RoslynAnalysisRunner static constructor.
RoslynAnalysisRunner will not be running.
RoslynAnalysisRunner has terminated.
Mono: successfully reloaded assembly
- Completed reload, in  1.014 seconds
Platform modules already initialized, skipping
Refreshing native plugins compatible for Editor in 0.38 ms, found 0 plugins.
Preloading 0 native plugins for Editor in 0.00 ms.
Unloading 1208 Unused Serialized files (Serialized files now loaded: 0)
System memory in use before: 77.0 MB.
System memory in use after: 77.1 MB.

Unloading 17 unused Assets to reduce memory usage. Loaded Objects now: 1695.
Total: 2.048000 ms (FindLiveObjects: 0.141500 ms CreateObjectMapping: 0.039000 ms MarkObjects: 1.850200 ms  DeleteObjects: 0.016200 ms)

========================================================================
Received Prepare
Registering precompiled user dll's ...
Registered in 0.000697 seconds.
Begin MonoManager ReloadAssembly
Native extension for WindowsStandalone target not found
Refreshing native plugins compatible for Editor in 0.38 ms, found 0 plugins.
Preloading 0 native plugins for Editor in 0.00 ms.
Invoked RoslynAnalysisRunner static constructor.
RoslynAnalysisRunner will not be running.
RoslynAnalysisRunner has terminated.
Mono: successfully reloaded assembly
- Completed reload, in  1.185 seconds
Platform modules already initialized, skipping
Refreshing native plugins compatible for Editor in 0.61 ms, found 0 plugins.
Preloading 0 native plugins for Editor in 0.00 ms.
Unloading 1209 Unused Serialized files (Serialized files now loaded: 0)
System memory in use before: 77.1 MB.
System memory in use after: 77.2 MB.

Unloading 17 unused Assets to reduce memory usage. Loaded Objects now: 1699.
Total: 2.507400 ms (FindLiveObjects: 0.190200 ms CreateObjectMapping: 0.056400 ms MarkObjects: 2.237200 ms  DeleteObjects: 0.022200 ms)

========================================================================
Received Prepare
Registering precompiled user dll's ...
Registered in 0.000848 seconds.
Begin MonoManager ReloadAssembly
Native extension for WindowsStandalone target not found
Refreshing native plugins compatible for Editor in 0.32 ms, found 0 plugins.
Preloading 0 native plugins for Editor in 0.00 ms.
Invoked RoslynAnalysisRunner static constructor.
RoslynAnalysisRunner will not be running.
RoslynAnalysisRunner has terminated.
Mono: successfully reloaded assembly
- Completed reload, in  0.936 seconds
Platform modules already initialized, skipping
Refreshing native plugins compatible for Editor in 0.47 ms, found 0 plugins.
Preloading 0 native plugins for Editor in 0.00 ms.
Unloading 1209 Unused Serialized files (Serialized files now loaded: 0)
System memory in use before: 77.2 MB.
System memory in use after: 77.3 MB.

Unloading 17 unused Assets to reduce memory usage. Loaded Objects now: 1702.
Total: 2.259500 ms (FindLiveObjects: 0.291800 ms CreateObjectMapping: 0.076900 ms MarkObjects: 1.848600 ms  DeleteObjects: 0.041300 ms)

========================================================================
Received Prepare
Registering precompiled user dll's ...
Registered in 0.000729 seconds.
Begin MonoManager ReloadAssembly
Native extension for WindowsStandalone target not found
Refreshing native plugins compatible for Editor in 0.38 ms, found 0 plugins.
Preloading 0 native plugins for Editor in 0.00 ms.
Invoked RoslynAnalysisRunner static constructor.
RoslynAnalysisRunner will not be running.
RoslynAnalysisRunner has terminated.
Mono: successfully reloaded assembly
- Completed reload, in  0.937 seconds
Platform modules already initialized, skipping
Refreshing native plugins compatible for Editor in 0.44 ms, found 0 plugins.
Preloading 0 native plugins for Editor in 0.00 ms.
Unloading 1209 Unused Serialized files (Serialized files now loaded: 0)
System memory in use before: 77.2 MB.
System memory in use after: 77.3 MB.

Unloading 17 unused Assets to reduce memory usage. Loaded Objects now: 1705.
Total: 2.034900 ms (FindLiveObjects: 0.242800 ms CreateObjectMapping: 0.049200 ms MarkObjects: 1.700200 ms  DeleteObjects: 0.041700 ms)

========================================================================
Received Prepare
Registering precompiled user dll's ...
Registered in 0.000877 seconds.
Begin MonoManager ReloadAssembly
Native extension for WindowsStandalone target not found
Refreshing native plugins compatible for Editor in 0.27 ms, found 0 plugins.
Preloading 0 native plugins for Editor in 0.00 ms.
Invoked RoslynAnalysisRunner static constructor.
RoslynAnalysisRunner will not be running.
RoslynAnalysisRunner has terminated.
Mono: successfully reloaded assembly
- Completed reload, in  1.003 seconds
Platform modules already initialized, skipping
Refreshing native plugins compatible for Editor in 0.45 ms, found 0 plugins.
Preloading 0 native plugins for Editor in 0.00 ms.
Unloading 1209 Unused Serialized files (Serialized files now loaded: 0)
System memory in use before: 77.2 MB.
System memory in use after: 77.3 MB.

Unloading 17 unused Assets to reduce memory usage. Loaded Objects now: 1708.
Total: 3.141300 ms (FindLiveObjects: 0.265400 ms CreateObjectMapping: 0.043900 ms MarkObjects: 2.810500 ms  DeleteObjects: 0.020300 ms)

AssetImportWorkerClient::OnTransportError - code=2 error=End of file
